<?xml version="1.0" encoding="UTF-8"?>
<!-- Generated by org.testng.reporters.JUnitReportReporter -->
<testsuite skipped="0" hostname="HDC2-D-CCTQXJ2" name="testmeapp.tests.OnlineShoppingTest" tests="4" failures="0" timestamp="29 Oct 2019 11:46:11 GMT" time="109.226" errors="0">
  <testcase name="testRegistration" time="43.219" classname="testmeapp.tests.OnlineShoppingTest"/>
  <testcase name="testLogin" time="41.117" classname="testmeapp.tests.OnlineShoppingTest"/>
  <testcase name="testCart" time="14.248" classname="testmeapp.tests.OnlineShoppingTest"/>
  <testcase name="testPayment" time="10.642" classname="testmeapp.tests.OnlineShoppingTest"/>
</testsuite> <!-- testmeapp.tests.OnlineShoppingTest -->
